New file detected: palindrome.py
New file detected: PassGenerator.py
New file detected: keywordChecker.py
New file detected: IpPing
New file detected: DirectoryMonitoring.py
New file detected: changes.log
New file detected: changes.log
New file detected: palindrome.py
New file detected: PassGenerator.py
New file detected: keywordChecker.py
New file detected: IpPing
New file detected: DirectoryMonitoring.py
File modified: changes.log
File modified: changes.log
File modified: changes.log
File modified: changes.log
File modified: changes.log
File modified: changes.log
File modified: changes.log
File modified: changes.log
File modified: changes.log
File modified: changes.log
File modified: changes.log
File modified: changes.log
File modified: changes.log
File modified: changes.log
File modified: changes.log
File modified: changes.log
File modified: changes.log
File modified: changes.log
File modified: changes.log
File modified: changes.log
File modified: changes.log
File modified: changes.log
File modified: changes.log
File modified: changes.log
File modified: changes.log
File modified: changes.log
File modified: changes.log
File modified: changes.log
File modified: changes.log
File modified: changes.log
File modified: changes.log
File modified: changes.log
File modified: changes.log
File modified: changes.log
File modified: changes.log
File modified: changes.log
File modified: changes.log
File modified: changes.log
File modified: changes.log
File modified: changes.log
File modified: changes.log
File modified: changes.log
File modified: changes.log
File modified: changes.log
File modified: changes.log
New file detected: Ip-Ping.py
File deleted: IpPing
File modified: changes.log
File modified: changes.log
File modified: changes.log
File modified: changes.log
File modified: changes.log
File modified: changes.log
File modified: changes.log
File modified: changes.log
File modified: changes.log
File modified: changes.log
File modified: changes.log
File modified: changes.log
File modified: changes.log
File modified: changes.log
File modified: changes.log
File modified: changes.log
File modified: changes.log
File modified: changes.log
File modified: changes.log
File modified: changes.log
File modified: changes.log
File modified: changes.log
File modified: changes.log
File modified: changes.log
File modified: changes.log
File modified: changes.log
File modified: changes.log
File modified: changes.log
File modified: changes.log
File modified: changes.log
File modified: changes.log
File modified: changes.log
File modified: changes.log
File modified: changes.log
File modified: changes.log
File modified: changes.log
